<?xml version="1.0" encoding="UTF-8"?>
<!-- Generated by org.testng.reporters.JUnitXMLReporter -->
<testsuite hostname="SaranyaPC" ignored="0" name="Validating the title" tests="1" failures="1" timestamp="2020-05-05T15:22:46 IST" time="26.734" errors="0">
  <testcase name="validateAppTitle" time="0.04" classname="Academy.ValidateTitleTest">
    <failure type="java.lang.AssertionError" message="expected [Featured Courses123] but found [Featured Courses]">
      <![CDATA[java.lang.AssertionError: expected [Featured Courses123] but found [Featured Courses]
at Academy.ValidateTitleTest.validateAppTitle(ValidateTitleTest.java:31)
at java.util.ArrayList.forEach(ArrayList.java:1257)
... Removed 32 stack frames]]>
    </failure>
  </testcase> <!-- validateAppTitle -->
</testsuite> <!-- Validating the title -->
